<?xml version="1.0" encoding="UTF-8"?>
<!-- Generated by org.testng.reporters.JUnitXMLReporter -->
<testsuite hostname="DESKTOP-5RP36TA" ignored="0" name="Add Customer Test" tests="1" failures="1" timestamp="06 Jun 2020 05:03:07 GMT" time="3.012" errors="0">
  <testcase name="addCustomer" time="3.003" classname="com.w2a.testcases.AddCustomerTest">
    <failure type="java.lang.IllegalArgumentException" message="Cannot find elements when the selector is null">
      <![CDATA[java.lang.IllegalArgumentException: Cannot find elements when the selector is null
	at org.openqa.selenium.By$ByCssSelector.<init>(By.java:422)
	at org.openqa.selenium.By.cssSelector(By.java:116)
	at com.w2a.testcases.AddCustomerTest.addCustomer(AddCustomerTest.java:18)
... Removed 25 stack frames]]>
    </failure>
  </testcase> <!-- addCustomer -->
</testsuite> <!-- Add Customer Test -->
